0 info it worked if it ends with ok
1 verbose cli [ '/Users/puxiu/Project/nvm/versions/io.js/v2.4.0/bin/iojs',
1 verbose cli   '/Users/puxiu/Project/nvm/versions/io.js/v2.4.0/bin/npm',
1 verbose cli   'adduser' ]
2 info using npm@2.13.0
3 info using node@v2.4.0
4 verbose stack Error: canceled
4 verbose stack     at Interface.<anonymous> (/Users/puxiu/Project/nvm/versions/io.js/v2.4.0/lib/node_modules/npm/node_modules/read/lib/read.js:66:13)
4 verbose stack     at emitNone (events.js:67:13)
4 verbose stack     at Interface.emit (events.js:166:7)
4 verbose stack     at Interface._ttyWrite (readline.js:690:16)
4 verbose stack     at ReadStream.onkeypress (readline.js:105:10)
4 verbose stack     at emitTwo (events.js:87:13)
4 verbose stack     at ReadStream.emit (events.js:172:7)
4 verbose stack     at emitKeys (readline.js:1246:14)
4 verbose stack     at GeneratorFunctionPrototype.next (native)
4 verbose stack     at ReadStream.onData (readline.js:914:36)
5 verbose cwd /Users/puxiu/workspace/gulp-mock-server
6 error Darwin 14.0.0
7 error argv "/Users/puxiu/Project/nvm/versions/io.js/v2.4.0/bin/iojs" "/Users/puxiu/Project/nvm/versions/io.js/v2.4.0/bin/npm" "adduser"
8 error node v2.4.0
9 error npm  v2.13.0
10 error canceled
11 error If you need help, you may report this error at:
11 error     <https://github.com/npm/npm/issues>
12 verbose exit [ 1, true ]
